C51 COMPILER V9.60.7.0   DELAY                                                             06/13/2023 13:39:46 PAGE 1   


C51 COMPILER V9.60.7.0, COMPILATION OF MODULE DELAY
OBJECT MODULE PLACED IN .\Objects\Delay.obj
COMPILER INVOKED BY: E:\keil5_MDKorC51\C51\BIN\C51.EXE Delay.c OPTIMIZE(8,SPEED) BROWSE DEBUG OBJECTEXTEND PRINT(.\Listi
                    -ngs\Delay.lst) OBJECT(.\Objects\Delay.obj)

line level    source

   1          #include "Delay.h"
   2          
   3          void Delay(unsigned int xms) // 延时任意毫秒
   4          {
   5   1          unsigned int k = 0;
   6   1          unsigned char i, j;
   7   1          for (k = 0; k < xms; k++)
   8   1          {
   9   2              i = 2;
  10   2              j = 239;
  11   2              do
  12   2              {
  13   3                  while (--j)
  14   3                      ;
  15   3              } while (--i);
  16   2          }
  17   1      }
  18          
  19          void Delay10us(unsigned int xus) // 延时任意10微秒
  20          {
  21   1          unsigned char i;
  22   1          while (xus--)
  23   1          {
  24   2              i = 247;
  25   2              while (--i)
  26   2                  ;
  27   2          }
  28   1      }


MODULE INFORMATION:   STATIC OVERLAYABLE
   CODE SIZE        =     45    ----
   CONSTANT SIZE    =   ----    ----
   XDATA SIZE       =   ----    ----
   PDATA SIZE       =   ----    ----
   DATA SIZE        =   ----    ----
   IDATA SIZE       =   ----    ----
   BIT SIZE         =   ----    ----
END OF MODULE INFORMATION.


C51 COMPILATION COMPLETE.  0 WARNING(S),  0 ERROR(S)
