C51 COMPILER V9.60.7.0   I2C                                                               06/13/2023 13:39:46 PAGE 1   


C51 COMPILER V9.60.7.0, COMPILATION OF MODULE I2C
OBJECT MODULE PLACED IN .\Objects\I2C.obj
COMPILER INVOKED BY: E:\keil5_MDKorC51\C51\BIN\C51.EXE I2C.c OPTIMIZE(8,SPEED) BROWSE DEBUG OBJECTEXTEND PRINT(.\Listing
                    -s\I2C.lst) OBJECT(.\Objects\I2C.obj)

line level    source

   1          #include <REGX52.H>
   2          
   3          sbit SDA = P2^0; 
   4          sbit SCL = P2^1; 
   5          
   6          
   7          void I2C_start()
   8          {
   9   1          SCL = 1;
  10   1          SDA = 1;
  11   1          SDA = 0;
  12   1          SCL = 0;
  13   1      }
  14          
  15          void I2C_stop()
  16          {
  17   1          SDA = 0;
  18   1          SCL = 1;
  19   1          SDA = 1;
  20   1      }
  21          
  22          void I2C_sendByte(unsigned char Data)
  23          {
  24   1          unsigned int i;
  25   1          for (i = 0; i < 8; i++)
  26   1          {
  27   2              SDA = Data & (0x80 >> i); 
  28   2              SCL = 1;
  29   2              SCL = 0;
  30   2          }
  31   1      }
  32          
  33          unsigned char I2C_receiveByte()
  34          {
  35   1          unsigned char da = 0;
  36   1          unsigned char i = 0;
  37   1          SDA = 1;
  38   1          for(i = 0; i < 8; i++)
  39   1          {
  40   2              SCL = 1;
  41   2              if(SDA)
  42   2                  da |= (0x80>>i);//从机如果拉低，就是0，dat的i位不变还是0，
  43   2                                   //从机如果松开，就是1，dat的i位，置1，
  44   2                                   //如此循环八次把dat的值变成从机发送的数据            
  45   2              SCL = 0;
  46   2          }
  47   1          return da;
  48   1      }
  49          
  50          void I2C_sendAck(unsigned char ack) // bit是51中特有的数据位，sizeof（bit）= 1bit
  51          {                                   // 发送应答
  52   1          SDA = ack & 0x01;
  53   1          SCL = 1;
  54   1          SCL = 0;
C51 COMPILER V9.60.7.0   I2C                                                               06/13/2023 13:39:46 PAGE 2   

  55   1      }
  56          
  57          unsigned char I2C_receiveAck() // 接收应答,0为应答1为不应答
  58          {
  59   1          unsigned char ack = 0;
  60   1          SDA = 1;
  61   1          SCL = 1;
  62   1          if (SDA)
  63   1              ack = 1; // 此时SDA控制权已经交给从机，
  64   1                       // 从机不拉则返回1，拉低则表示应答返回0
  65   1          SCL = 0;
  66   1          return ack;
  67   1      }
  68          
  69          
  70          
  71          
  72          
  73          
  74          
  75          //#include <REGX52.H>
  76          
  77          //sbit SCL = P2^1;
  78          //sbit SDA = P2^0;
  79          
  80          //void I2C_start()//发送开始
  81          //{
  82          //    SCL = 1;
  83          //    SDA = 1;
  84          //    SDA = 0;
  85          //    SCL = 0;
  86          //}
  87          
  88          //void I2C_stop()//发送停止
  89          //{
  90          //    SDA = 0;
  91          //    SCL = 1;
  92          //    SDA = 1;  
  93          //}
  94          
  95          //void I2C_sendByte(unsigned char Data)//发送一个字节
  96          //{
  97          //    unsigned char i = 0;
  98          //    for(i = 0; i<8; i++)
  99          //    {
 100          //        SDA = Data & (0x80>>i);
 101          //        SCL = 1;
 102          //        SCL = 0;
 103          //    }
 104          //}
 105          
 106          //unsigned char I2C_receiveByte()//接收一个字节
 107          //{
 108          //    unsigned char da = 0;
 109          //    unsigned char i = 0;
 110          //    SDA = 1;
 111          //    for(i = 0; i < 8; i++)
 112          //    {
 113          //        SCL = 1;
 114          //        if(SDA)
 115          //            da |= (0x80>>i);//从机如果拉低，就是0，dat的i位不变还是0，
 116          //                             //从机如果松开，就是1，dat的i位，置1，
C51 COMPILER V9.60.7.0   I2C                                                               06/13/2023 13:39:46 PAGE 3   

 117          //                             //如此循环八次把dat的值变成从机发送的数据            
 118          //        SCL = 0;
 119          //    }
 120          //    return da;
 121          //}
 122          
 123          //void I2C_sendAck(unsigned char ack)//bit是51中特有的数据位，sizeof（bit）= 1bit
 124          //{                                   //发送应答
 125          //    SDA = ack & 0x01;
 126          //    SCL = 1;
 127          //    SCL = 0;
 128          //}
 129          
 130          //unsigned char I2C_receiveAck()//接收应答,0为应答1为不应答
 131          //{
 132          //    unsigned char ack = 0;
 133          //    SDA = 1;
 134          //    SCL = 1;
 135          //    if(SDA)
 136          //        ack = 1;//此时SDA控制权已经交给从机，
 137          //                //从机不拉则返回1，拉低则表示应答返回0
 138          //    SCL = 0;
 139          //    return ack;
 140          //}
 141          
 142          
 143          
 144          


MODULE INFORMATION:   STATIC OVERLAYABLE
   CODE SIZE        =    117    ----
   CONSTANT SIZE    =   ----    ----
   XDATA SIZE       =   ----    ----
   PDATA SIZE       =   ----    ----
   DATA SIZE        =   ----    ----
   IDATA SIZE       =   ----    ----
   BIT SIZE         =   ----    ----
END OF MODULE INFORMATION.


C51 COMPILATION COMPLETE.  0 WARNING(S),  0 ERROR(S)
