C51 COMPILER V9.60.7.0   MATRIXKEY                                                         06/13/2023 13:39:46 PAGE 1   


C51 COMPILER V9.60.7.0, COMPILATION OF MODULE MATRIXKEY
OBJECT MODULE PLACED IN .\Objects\MatrixKey.obj
COMPILER INVOKED BY: E:\keil5_MDKorC51\C51\BIN\C51.EXE MatrixKey.c OPTIMIZE(8,SPEED) BROWSE DEBUG OBJECTEXTEND PRINT(.\L
                    -istings\MatrixKey.lst) OBJECT(.\Objects\MatrixKey.obj)

line level    source

   1          #include "LCD1602.h"
   2          #include <REGX52.H>
   3          #include "MatrixKey.h"
   4          #include "Delay.h"
   5          
   6          
   7          unsigned int MatrixKey()
   8          {
   9   1          unsigned int KeyNum = 0;
  10   1      
  11   1          P1 = 0xFF;
  12   1          P1_3 = 0;     
  13   1          if(P1_7 == 0){ Delay(20); while(P1_7 == 0); Delay(20); KeyNum = 1; }
  14   1          if(P1_6 == 0){ Delay(20); while(P1_6 == 0); Delay(20); KeyNum = 5; }
  15   1          if(P1_5 == 0){ Delay(20); while(P1_5 == 0); Delay(20); KeyNum = 9; }
  16   1          if(P1_4 == 0){ Delay(20); while(P1_4 == 0); Delay(20); KeyNum = 13; }
  17   1      
  18   1          P1 = 0xFF;
  19   1          P1_2 = 0;     
  20   1          if(P1_7 == 0){ Delay(20); while(P1_7 == 0); Delay(20); KeyNum = 2; }
  21   1          if(P1_6 == 0){ Delay(20); while(P1_6 == 0); Delay(20); KeyNum = 6; }
  22   1          if(P1_5 == 0){ Delay(20); while(P1_5 == 0); Delay(20); KeyNum = 10; }
  23   1          if(P1_4 == 0){ Delay(20); while(P1_4 == 0); Delay(20); KeyNum = 14; }
  24   1      
  25   1          P1 = 0xFF;
  26   1          P1_1 = 0;     
  27   1          if(P1_7 == 0){ Delay(20); while(P1_7 == 0); Delay(20); KeyNum = 3; }
  28   1          if(P1_6 == 0){ Delay(20); while(P1_6 == 0); Delay(20); KeyNum = 7; }
  29   1          if(P1_5 == 0){ Delay(20); while(P1_5 == 0); Delay(20); KeyNum = 11; }
  30   1          if(P1_4 == 0){ Delay(20); while(P1_4 == 0); Delay(20); KeyNum = 15; }
  31   1      
  32   1          P1 = 0xFF;
  33   1          P1_0 = 0;     
  34   1          if(P1_7 == 0){ Delay(20); while(P1_7 == 0); Delay(20); KeyNum = 4; }
  35   1          if(P1_6 == 0){ Delay(20); while(P1_6 == 0); Delay(20); KeyNum = 8; }
  36   1          if(P1_5 == 0){ Delay(20); while(P1_5 == 0); Delay(20); KeyNum = 12; }
  37   1          if(P1_4 == 0){ Delay(20); while(P1_4 == 0); Delay(20); KeyNum = 16; }
  38   1          
  39   1          return KeyNum;
  40   1      }


MODULE INFORMATION:   STATIC OVERLAYABLE
   CODE SIZE        =    445    ----
   CONSTANT SIZE    =   ----    ----
   XDATA SIZE       =   ----    ----
   PDATA SIZE       =   ----    ----
   DATA SIZE        =   ----       2
   IDATA SIZE       =   ----    ----
   BIT SIZE         =   ----    ----
END OF MODULE INFORMATION.


C51 COMPILATION COMPLETE.  0 WARNING(S),  0 ERROR(S)
